Copyright 1986-2018 Xilinx, Inc. All Rights Reserved.
-----------------------------------------------------------------------------------------------------------------------------------------------------------------------------------------------------
| Tool Version : Vivado v.2018.2 (lin64) Build 2258646 Thu Jun 14 20:02:38 MDT 2018
| Date         : Fri Jan 10 12:49:16 2020
| Host         : remco-N750JK running 64-bit Ubuntu 18.04.3 LTS
| Command      : report_methodology -file Block_Diagram_wrapper_methodology_drc_routed.rpt -pb Block_Diagram_wrapper_methodology_drc_routed.pb -rpx Block_Diagram_wrapper_methodology_drc_routed.rpx
| Design       : Block_Diagram_wrapper
| Device       : xc7z010clg400-1
| Speed File   : -1
| Design State : Routed
-----------------------------------------------------------------------------------------------------------------------------------------------------------------------------------------------------

Report Methodology

Table of Contents
-----------------
1. REPORT SUMMARY
2. REPORT DETAILS

1. REPORT SUMMARY
-----------------
            Netlist: netlist
          Floorplan: design_1
      Design limits: <entire design considered>
             Max violations: <unlimited>
             Violations found: 359
+-----------+----------+-------------------------------+------------+
| Rule      | Severity | Description                   | Violations |
+-----------+----------+-------------------------------+------------+
| TIMING-17 | Warning  | Non-clocked sequential cell   | 356        |
| TIMING-18 | Warning  | Missing input or output delay | 3          |
+-----------+----------+-------------------------------+------------+

2. REPORT DETAILS
-----------------
TIMING-17#1 Warning
Non-clocked sequential cell  
The clock pin Block_Diagram_i/PID_0/U0/Error_reg[0]/C is not reached by a timing clock
Related violations: <none>

TIMING-17#2 Warning
Non-clocked sequential cell  
The clock pin Block_Diagram_i/PID_0/U0/Error_reg[10]/C is not reached by a timing clock
Related violations: <none>

TIMING-17#3 Warning
Non-clocked sequential cell  
The clock pin Block_Diagram_i/PID_0/U0/Error_reg[11]/C is not reached by a timing clock
Related violations: <none>

TIMING-17#4 Warning
Non-clocked sequential cell  
The clock pin Block_Diagram_i/PID_0/U0/Error_reg[12]/C is not reached by a timing clock
Related violations: <none>

TIMING-17#5 Warning
Non-clocked sequential cell  
The clock pin Block_Diagram_i/PID_0/U0/Error_reg[13]/C is not reached by a timing clock
Related violations: <none>

TIMING-17#6 Warning
Non-clocked sequential cell  
The clock pin Block_Diagram_i/PID_0/U0/Error_reg[14]/C is not reached by a timing clock
Related violations: <none>

TIMING-17#7 Warning
Non-clocked sequential cell  
The clock pin Block_Diagram_i/PID_0/U0/Error_reg[15]/C is not reached by a timing clock
Related violations: <none>

TIMING-17#8 Warning
Non-clocked sequential cell  
The clock pin Block_Diagram_i/PID_0/U0/Error_reg[18]/C is not reached by a timing clock
Related violations: <none>

TIMING-17#9 Warning
Non-clocked sequential cell  
The clock pin Block_Diagram_i/PID_0/U0/Error_reg[1]/C is not reached by a timing clock
Related violations: <none>

TIMING-17#10 Warning
Non-clocked sequential cell  
The clock pin Block_Diagram_i/PID_0/U0/Error_reg[2]/C is not reached by a timing clock
Related violations: <none>

TIMING-17#11 Warning
Non-clocked sequential cell  
The clock pin Block_Diagram_i/PID_0/U0/Error_reg[3]/C is not reached by a timing clock
Related violations: <none>

TIMING-17#12 Warning
Non-clocked sequential cell  
The clock pin Block_Diagram_i/PID_0/U0/Error_reg[4]/C is not reached by a timing clock
Related violations: <none>

TIMING-17#13 Warning
Non-clocked sequential cell  
The clock pin Block_Diagram_i/PID_0/U0/Error_reg[5]/C is not reached by a timing clock
Related violations: <none>

TIMING-17#14 Warning
Non-clocked sequential cell  
The clock pin Block_Diagram_i/PID_0/U0/Error_reg[6]/C is not reached by a timing clock
Related violations: <none>

TIMING-17#15 Warning
Non-clocked sequential cell  
The clock pin Block_Diagram_i/PID_0/U0/Error_reg[7]/C is not reached by a timing clock
Related violations: <none>

TIMING-17#16 Warning
Non-clocked sequential cell  
The clock pin Block_Diagram_i/PID_0/U0/Error_reg[8]/C is not reached by a timing clock
Related violations: <none>

TIMING-17#17 Warning
Non-clocked sequential cell  
The clock pin Block_Diagram_i/PID_0/U0/Error_reg[9]/C is not reached by a timing clock
Related violations: <none>

TIMING-17#18 Warning
Non-clocked sequential cell  
The clock pin Block_Diagram_i/PID_0/U0/con_Kd_den_reg[0]/C is not reached by a timing clock
Related violations: <none>

TIMING-17#19 Warning
Non-clocked sequential cell  
The clock pin Block_Diagram_i/PID_0/U0/con_Kd_den_reg[10]/C is not reached by a timing clock
Related violations: <none>

TIMING-17#20 Warning
Non-clocked sequential cell  
The clock pin Block_Diagram_i/PID_0/U0/con_Kd_den_reg[11]/C is not reached by a timing clock
Related violations: <none>

TIMING-17#21 Warning
Non-clocked sequential cell  
The clock pin Block_Diagram_i/PID_0/U0/con_Kd_den_reg[12]/C is not reached by a timing clock
Related violations: <none>

TIMING-17#22 Warning
Non-clocked sequential cell  
The clock pin Block_Diagram_i/PID_0/U0/con_Kd_den_reg[13]/C is not reached by a timing clock
Related violations: <none>

TIMING-17#23 Warning
Non-clocked sequential cell  
The clock pin Block_Diagram_i/PID_0/U0/con_Kd_den_reg[14]/C is not reached by a timing clock
Related violations: <none>

TIMING-17#24 Warning
Non-clocked sequential cell  
The clock pin Block_Diagram_i/PID_0/U0/con_Kd_den_reg[15]/C is not reached by a timing clock
Related violations: <none>

TIMING-17#25 Warning
Non-clocked sequential cell  
The clock pin Block_Diagram_i/PID_0/U0/con_Kd_den_reg[16]/C is not reached by a timing clock
Related violations: <none>

TIMING-17#26 Warning
Non-clocked sequential cell  
The clock pin Block_Diagram_i/PID_0/U0/con_Kd_den_reg[17]/C is not reached by a timing clock
Related violations: <none>

TIMING-17#27 Warning
Non-clocked sequential cell  
The clock pin Block_Diagram_i/PID_0/U0/con_Kd_den_reg[18]/C is not reached by a timing clock
Related violations: <none>

TIMING-17#28 Warning
Non-clocked sequential cell  
The clock pin Block_Diagram_i/PID_0/U0/con_Kd_den_reg[19]/C is not reached by a timing clock
Related violations: <none>

TIMING-17#29 Warning
Non-clocked sequential cell  
The clock pin Block_Diagram_i/PID_0/U0/con_Kd_den_reg[1]/C is not reached by a timing clock
Related violations: <none>

TIMING-17#30 Warning
Non-clocked sequential cell  
The clock pin Block_Diagram_i/PID_0/U0/con_Kd_den_reg[20]/C is not reached by a timing clock
Related violations: <none>

TIMING-17#31 Warning
Non-clocked sequential cell  
The clock pin Block_Diagram_i/PID_0/U0/con_Kd_den_reg[21]/C is not reached by a timing clock
Related violations: <none>

TIMING-17#32 Warning
Non-clocked sequential cell  
The clock pin Block_Diagram_i/PID_0/U0/con_Kd_den_reg[22]/C is not reached by a timing clock
Related violations: <none>

TIMING-17#33 Warning
Non-clocked sequential cell  
The clock pin Block_Diagram_i/PID_0/U0/con_Kd_den_reg[23]/C is not reached by a timing clock
Related violations: <none>

TIMING-17#34 Warning
Non-clocked sequential cell  
The clock pin Block_Diagram_i/PID_0/U0/con_Kd_den_reg[24]/C is not reached by a timing clock
Related violations: <none>

TIMING-17#35 Warning
Non-clocked sequential cell  
The clock pin Block_Diagram_i/PID_0/U0/con_Kd_den_reg[25]/C is not reached by a timing clock
Related violations: <none>

TIMING-17#36 Warning
Non-clocked sequential cell  
The clock pin Block_Diagram_i/PID_0/U0/con_Kd_den_reg[26]/C is not reached by a timing clock
Related violations: <none>

TIMING-17#37 Warning
Non-clocked sequential cell  
The clock pin Block_Diagram_i/PID_0/U0/con_Kd_den_reg[27]/C is not reached by a timing clock
Related violations: <none>

TIMING-17#38 Warning
Non-clocked sequential cell  
The clock pin Block_Diagram_i/PID_0/U0/con_Kd_den_reg[28]/C is not reached by a timing clock
Related violations: <none>

TIMING-17#39 Warning
Non-clocked sequential cell  
The clock pin Block_Diagram_i/PID_0/U0/con_Kd_den_reg[29]/C is not reached by a timing clock
Related violations: <none>

TIMING-17#40 Warning
Non-clocked sequential cell  
The clock pin Block_Diagram_i/PID_0/U0/con_Kd_den_reg[2]/C is not reached by a timing clock
Related violations: <none>

TIMING-17#41 Warning
Non-clocked sequential cell  
The clock pin Block_Diagram_i/PID_0/U0/con_Kd_den_reg[30]/C is not reached by a timing clock
Related violations: <none>

TIMING-17#42 Warning
Non-clocked sequential cell  
The clock pin Block_Diagram_i/PID_0/U0/con_Kd_den_reg[31]/C is not reached by a timing clock
Related violations: <none>

TIMING-17#43 Warning
Non-clocked sequential cell  
The clock pin Block_Diagram_i/PID_0/U0/con_Kd_den_reg[31]_rep/C is not reached by a timing clock
Related violations: <none>

TIMING-17#44 Warning
Non-clocked sequential cell  
The clock pin Block_Diagram_i/PID_0/U0/con_Kd_den_reg[31]_rep__0/C is not reached by a timing clock
Related violations: <none>

TIMING-17#45 Warning
Non-clocked sequential cell  
The clock pin Block_Diagram_i/PID_0/U0/con_Kd_den_reg[31]_rep__1/C is not reached by a timing clock
Related violations: <none>

TIMING-17#46 Warning
Non-clocked sequential cell  
The clock pin Block_Diagram_i/PID_0/U0/con_Kd_den_reg[31]_rep__2/C is not reached by a timing clock
Related violations: <none>

TIMING-17#47 Warning
Non-clocked sequential cell  
The clock pin Block_Diagram_i/PID_0/U0/con_Kd_den_reg[31]_rep__3/C is not reached by a timing clock
Related violations: <none>

TIMING-17#48 Warning
Non-clocked sequential cell  
The clock pin Block_Diagram_i/PID_0/U0/con_Kd_den_reg[31]_rep__4/C is not reached by a timing clock
Related violations: <none>

TIMING-17#49 Warning
Non-clocked sequential cell  
The clock pin Block_Diagram_i/PID_0/U0/con_Kd_den_reg[31]_rep__5/C is not reached by a timing clock
Related violations: <none>

TIMING-17#50 Warning
Non-clocked sequential cell  
The clock pin Block_Diagram_i/PID_0/U0/con_Kd_den_reg[31]_rep__6/C is not reached by a timing clock
Related violations: <none>

TIMING-17#51 Warning
Non-clocked sequential cell  
The clock pin Block_Diagram_i/PID_0/U0/con_Kd_den_reg[3]/C is not reached by a timing clock
Related violations: <none>

TIMING-17#52 Warning
Non-clocked sequential cell  
The clock pin Block_Diagram_i/PID_0/U0/con_Kd_den_reg[4]/C is not reached by a timing clock
Related violations: <none>

TIMING-17#53 Warning
Non-clocked sequential cell  
The clock pin Block_Diagram_i/PID_0/U0/con_Kd_den_reg[5]/C is not reached by a timing clock
Related violations: <none>

TIMING-17#54 Warning
Non-clocked sequential cell  
The clock pin Block_Diagram_i/PID_0/U0/con_Kd_den_reg[6]/C is not reached by a timing clock
Related violations: <none>

TIMING-17#55 Warning
Non-clocked sequential cell  
The clock pin Block_Diagram_i/PID_0/U0/con_Kd_den_reg[7]/C is not reached by a timing clock
Related violations: <none>

TIMING-17#56 Warning
Non-clocked sequential cell  
The clock pin Block_Diagram_i/PID_0/U0/con_Kd_den_reg[8]/C is not reached by a timing clock
Related violations: <none>

TIMING-17#57 Warning
Non-clocked sequential cell  
The clock pin Block_Diagram_i/PID_0/U0/con_Kd_den_reg[9]/C is not reached by a timing clock
Related violations: <none>

TIMING-17#58 Warning
Non-clocked sequential cell  
The clock pin Block_Diagram_i/PID_0/U0/con_Ki_den_reg[0]/C is not reached by a timing clock
Related violations: <none>

TIMING-17#59 Warning
Non-clocked sequential cell  
The clock pin Block_Diagram_i/PID_0/U0/con_Ki_den_reg[10]/C is not reached by a timing clock
Related violations: <none>

TIMING-17#60 Warning
Non-clocked sequential cell  
The clock pin Block_Diagram_i/PID_0/U0/con_Ki_den_reg[11]/C is not reached by a timing clock
Related violations: <none>

TIMING-17#61 Warning
Non-clocked sequential cell  
The clock pin Block_Diagram_i/PID_0/U0/con_Ki_den_reg[12]/C is not reached by a timing clock
Related violations: <none>

TIMING-17#62 Warning
Non-clocked sequential cell  
The clock pin Block_Diagram_i/PID_0/U0/con_Ki_den_reg[13]/C is not reached by a timing clock
Related violations: <none>

TIMING-17#63 Warning
Non-clocked sequential cell  
The clock pin Block_Diagram_i/PID_0/U0/con_Ki_den_reg[14]/C is not reached by a timing clock
Related violations: <none>

TIMING-17#64 Warning
Non-clocked sequential cell  
The clock pin Block_Diagram_i/PID_0/U0/con_Ki_den_reg[15]/C is not reached by a timing clock
Related violations: <none>

TIMING-17#65 Warning
Non-clocked sequential cell  
The clock pin Block_Diagram_i/PID_0/U0/con_Ki_den_reg[16]/C is not reached by a timing clock
Related violations: <none>

TIMING-17#66 Warning
Non-clocked sequential cell  
The clock pin Block_Diagram_i/PID_0/U0/con_Ki_den_reg[17]/C is not reached by a timing clock
Related violations: <none>

TIMING-17#67 Warning
Non-clocked sequential cell  
The clock pin Block_Diagram_i/PID_0/U0/con_Ki_den_reg[18]/C is not reached by a timing clock
Related violations: <none>

TIMING-17#68 Warning
Non-clocked sequential cell  
The clock pin Block_Diagram_i/PID_0/U0/con_Ki_den_reg[19]/C is not reached by a timing clock
Related violations: <none>

TIMING-17#69 Warning
Non-clocked sequential cell  
The clock pin Block_Diagram_i/PID_0/U0/con_Ki_den_reg[1]/C is not reached by a timing clock
Related violations: <none>

TIMING-17#70 Warning
Non-clocked sequential cell  
The clock pin Block_Diagram_i/PID_0/U0/con_Ki_den_reg[20]/C is not reached by a timing clock
Related violations: <none>

TIMING-17#71 Warning
Non-clocked sequential cell  
The clock pin Block_Diagram_i/PID_0/U0/con_Ki_den_reg[21]/C is not reached by a timing clock
Related violations: <none>

TIMING-17#72 Warning
Non-clocked sequential cell  
The clock pin Block_Diagram_i/PID_0/U0/con_Ki_den_reg[22]/C is not reached by a timing clock
Related violations: <none>

TIMING-17#73 Warning
Non-clocked sequential cell  
The clock pin Block_Diagram_i/PID_0/U0/con_Ki_den_reg[23]/C is not reached by a timing clock
Related violations: <none>

TIMING-17#74 Warning
Non-clocked sequential cell  
The clock pin Block_Diagram_i/PID_0/U0/con_Ki_den_reg[24]/C is not reached by a timing clock
Related violations: <none>

TIMING-17#75 Warning
Non-clocked sequential cell  
The clock pin Block_Diagram_i/PID_0/U0/con_Ki_den_reg[25]/C is not reached by a timing clock
Related violations: <none>

TIMING-17#76 Warning
Non-clocked sequential cell  
The clock pin Block_Diagram_i/PID_0/U0/con_Ki_den_reg[26]/C is not reached by a timing clock
Related violations: <none>

TIMING-17#77 Warning
Non-clocked sequential cell  
The clock pin Block_Diagram_i/PID_0/U0/con_Ki_den_reg[27]/C is not reached by a timing clock
Related violations: <none>

TIMING-17#78 Warning
Non-clocked sequential cell  
The clock pin Block_Diagram_i/PID_0/U0/con_Ki_den_reg[28]/C is not reached by a timing clock
Related violations: <none>

TIMING-17#79 Warning
Non-clocked sequential cell  
The clock pin Block_Diagram_i/PID_0/U0/con_Ki_den_reg[29]/C is not reached by a timing clock
Related violations: <none>

TIMING-17#80 Warning
Non-clocked sequential cell  
The clock pin Block_Diagram_i/PID_0/U0/con_Ki_den_reg[2]/C is not reached by a timing clock
Related violations: <none>

TIMING-17#81 Warning
Non-clocked sequential cell  
The clock pin Block_Diagram_i/PID_0/U0/con_Ki_den_reg[30]/C is not reached by a timing clock
Related violations: <none>

TIMING-17#82 Warning
Non-clocked sequential cell  
The clock pin Block_Diagram_i/PID_0/U0/con_Ki_den_reg[31]/C is not reached by a timing clock
Related violations: <none>

TIMING-17#83 Warning
Non-clocked sequential cell  
The clock pin Block_Diagram_i/PID_0/U0/con_Ki_den_reg[31]_rep/C is not reached by a timing clock
Related violations: <none>

TIMING-17#84 Warning
Non-clocked sequential cell  
The clock pin Block_Diagram_i/PID_0/U0/con_Ki_den_reg[31]_rep__0/C is not reached by a timing clock
Related violations: <none>

TIMING-17#85 Warning
Non-clocked sequential cell  
The clock pin Block_Diagram_i/PID_0/U0/con_Ki_den_reg[31]_rep__1/C is not reached by a timing clock
Related violations: <none>

TIMING-17#86 Warning
Non-clocked sequential cell  
The clock pin Block_Diagram_i/PID_0/U0/con_Ki_den_reg[31]_rep__2/C is not reached by a timing clock
Related violations: <none>

TIMING-17#87 Warning
Non-clocked sequential cell  
The clock pin Block_Diagram_i/PID_0/U0/con_Ki_den_reg[31]_rep__3/C is not reached by a timing clock
Related violations: <none>

TIMING-17#88 Warning
Non-clocked sequential cell  
The clock pin Block_Diagram_i/PID_0/U0/con_Ki_den_reg[31]_rep__4/C is not reached by a timing clock
Related violations: <none>

TIMING-17#89 Warning
Non-clocked sequential cell  
The clock pin Block_Diagram_i/PID_0/U0/con_Ki_den_reg[31]_rep__5/C is not reached by a timing clock
Related violations: <none>

TIMING-17#90 Warning
Non-clocked sequential cell  
The clock pin Block_Diagram_i/PID_0/U0/con_Ki_den_reg[31]_rep__6/C is not reached by a timing clock
Related violations: <none>

TIMING-17#91 Warning
Non-clocked sequential cell  
The clock pin Block_Diagram_i/PID_0/U0/con_Ki_den_reg[3]/C is not reached by a timing clock
Related violations: <none>

TIMING-17#92 Warning
Non-clocked sequential cell  
The clock pin Block_Diagram_i/PID_0/U0/con_Ki_den_reg[4]/C is not reached by a timing clock
Related violations: <none>

TIMING-17#93 Warning
Non-clocked sequential cell  
The clock pin Block_Diagram_i/PID_0/U0/con_Ki_den_reg[5]/C is not reached by a timing clock
Related violations: <none>

TIMING-17#94 Warning
Non-clocked sequential cell  
The clock pin Block_Diagram_i/PID_0/U0/con_Ki_den_reg[6]/C is not reached by a timing clock
Related violations: <none>

TIMING-17#95 Warning
Non-clocked sequential cell  
The clock pin Block_Diagram_i/PID_0/U0/con_Ki_den_reg[7]/C is not reached by a timing clock
Related violations: <none>

TIMING-17#96 Warning
Non-clocked sequential cell  
The clock pin Block_Diagram_i/PID_0/U0/con_Ki_den_reg[8]/C is not reached by a timing clock
Related violations: <none>

TIMING-17#97 Warning
Non-clocked sequential cell  
The clock pin Block_Diagram_i/PID_0/U0/con_Ki_den_reg[9]/C is not reached by a timing clock
Related violations: <none>

TIMING-17#98 Warning
Non-clocked sequential cell  
The clock pin Block_Diagram_i/PID_0/U0/con_Kp_den_reg[0]/C is not reached by a timing clock
Related violations: <none>

TIMING-17#99 Warning
Non-clocked sequential cell  
The clock pin Block_Diagram_i/PID_0/U0/con_Kp_den_reg[10]/C is not reached by a timing clock
Related violations: <none>

TIMING-17#100 Warning
Non-clocked sequential cell  
The clock pin Block_Diagram_i/PID_0/U0/con_Kp_den_reg[11]/C is not reached by a timing clock
Related violations: <none>

TIMING-17#101 Warning
Non-clocked sequential cell  
The clock pin Block_Diagram_i/PID_0/U0/con_Kp_den_reg[12]/C is not reached by a timing clock
Related violations: <none>

TIMING-17#102 Warning
Non-clocked sequential cell  
The clock pin Block_Diagram_i/PID_0/U0/con_Kp_den_reg[13]/C is not reached by a timing clock
Related violations: <none>

TIMING-17#103 Warning
Non-clocked sequential cell  
The clock pin Block_Diagram_i/PID_0/U0/con_Kp_den_reg[14]/C is not reached by a timing clock
Related violations: <none>

TIMING-17#104 Warning
Non-clocked sequential cell  
The clock pin Block_Diagram_i/PID_0/U0/con_Kp_den_reg[15]/C is not reached by a timing clock
Related violations: <none>

TIMING-17#105 Warning
Non-clocked sequential cell  
The clock pin Block_Diagram_i/PID_0/U0/con_Kp_den_reg[16]/C is not reached by a timing clock
Related violations: <none>

TIMING-17#106 Warning
Non-clocked sequential cell  
The clock pin Block_Diagram_i/PID_0/U0/con_Kp_den_reg[17]/C is not reached by a timing clock
Related violations: <none>

TIMING-17#107 Warning
Non-clocked sequential cell  
The clock pin Block_Diagram_i/PID_0/U0/con_Kp_den_reg[18]/C is not reached by a timing clock
Related violations: <none>

TIMING-17#108 Warning
Non-clocked sequential cell  
The clock pin Block_Diagram_i/PID_0/U0/con_Kp_den_reg[19]/C is not reached by a timing clock
Related violations: <none>

TIMING-17#109 Warning
Non-clocked sequential cell  
The clock pin Block_Diagram_i/PID_0/U0/con_Kp_den_reg[1]/C is not reached by a timing clock
Related violations: <none>

TIMING-17#110 Warning
Non-clocked sequential cell  
The clock pin Block_Diagram_i/PID_0/U0/con_Kp_den_reg[20]/C is not reached by a timing clock
Related violations: <none>

TIMING-17#111 Warning
Non-clocked sequential cell  
The clock pin Block_Diagram_i/PID_0/U0/con_Kp_den_reg[21]/C is not reached by a timing clock
Related violations: <none>

TIMING-17#112 Warning
Non-clocked sequential cell  
The clock pin Block_Diagram_i/PID_0/U0/con_Kp_den_reg[22]/C is not reached by a timing clock
Related violations: <none>

TIMING-17#113 Warning
Non-clocked sequential cell  
The clock pin Block_Diagram_i/PID_0/U0/con_Kp_den_reg[23]/C is not reached by a timing clock
Related violations: <none>

TIMING-17#114 Warning
Non-clocked sequential cell  
The clock pin Block_Diagram_i/PID_0/U0/con_Kp_den_reg[24]/C is not reached by a timing clock
Related violations: <none>

TIMING-17#115 Warning
Non-clocked sequential cell  
The clock pin Block_Diagram_i/PID_0/U0/con_Kp_den_reg[25]/C is not reached by a timing clock
Related violations: <none>

TIMING-17#116 Warning
Non-clocked sequential cell  
The clock pin Block_Diagram_i/PID_0/U0/con_Kp_den_reg[26]/C is not reached by a timing clock
Related violations: <none>

TIMING-17#117 Warning
Non-clocked sequential cell  
The clock pin Block_Diagram_i/PID_0/U0/con_Kp_den_reg[27]/C is not reached by a timing clock
Related violations: <none>

TIMING-17#118 Warning
Non-clocked sequential cell  
The clock pin Block_Diagram_i/PID_0/U0/con_Kp_den_reg[28]/C is not reached by a timing clock
Related violations: <none>

TIMING-17#119 Warning
Non-clocked sequential cell  
The clock pin Block_Diagram_i/PID_0/U0/con_Kp_den_reg[29]/C is not reached by a timing clock
Related violations: <none>

TIMING-17#120 Warning
Non-clocked sequential cell  
The clock pin Block_Diagram_i/PID_0/U0/con_Kp_den_reg[2]/C is not reached by a timing clock
Related violations: <none>

TIMING-17#121 Warning
Non-clocked sequential cell  
The clock pin Block_Diagram_i/PID_0/U0/con_Kp_den_reg[30]/C is not reached by a timing clock
Related violations: <none>

TIMING-17#122 Warning
Non-clocked sequential cell  
The clock pin Block_Diagram_i/PID_0/U0/con_Kp_den_reg[31]/C is not reached by a timing clock
Related violations: <none>

TIMING-17#123 Warning
Non-clocked sequential cell  
The clock pin Block_Diagram_i/PID_0/U0/con_Kp_den_reg[31]_rep/C is not reached by a timing clock
Related violations: <none>

TIMING-17#124 Warning
Non-clocked sequential cell  
The clock pin Block_Diagram_i/PID_0/U0/con_Kp_den_reg[31]_rep__0/C is not reached by a timing clock
Related violations: <none>

TIMING-17#125 Warning
Non-clocked sequential cell  
The clock pin Block_Diagram_i/PID_0/U0/con_Kp_den_reg[31]_rep__1/C is not reached by a timing clock
Related violations: <none>

TIMING-17#126 Warning
Non-clocked sequential cell  
The clock pin Block_Diagram_i/PID_0/U0/con_Kp_den_reg[31]_rep__2/C is not reached by a timing clock
Related violations: <none>

TIMING-17#127 Warning
Non-clocked sequential cell  
The clock pin Block_Diagram_i/PID_0/U0/con_Kp_den_reg[31]_rep__3/C is not reached by a timing clock
Related violations: <none>

TIMING-17#128 Warning
Non-clocked sequential cell  
The clock pin Block_Diagram_i/PID_0/U0/con_Kp_den_reg[31]_rep__4/C is not reached by a timing clock
Related violations: <none>

TIMING-17#129 Warning
Non-clocked sequential cell  
The clock pin Block_Diagram_i/PID_0/U0/con_Kp_den_reg[31]_rep__5/C is not reached by a timing clock
Related violations: <none>

TIMING-17#130 Warning
Non-clocked sequential cell  
The clock pin Block_Diagram_i/PID_0/U0/con_Kp_den_reg[31]_rep__6/C is not reached by a timing clock
Related violations: <none>

TIMING-17#131 Warning
Non-clocked sequential cell  
The clock pin Block_Diagram_i/PID_0/U0/con_Kp_den_reg[3]/C is not reached by a timing clock
Related violations: <none>

TIMING-17#132 Warning
Non-clocked sequential cell  
The clock pin Block_Diagram_i/PID_0/U0/con_Kp_den_reg[4]/C is not reached by a timing clock
Related violations: <none>

TIMING-17#133 Warning
Non-clocked sequential cell  
The clock pin Block_Diagram_i/PID_0/U0/con_Kp_den_reg[5]/C is not reached by a timing clock
Related violations: <none>

TIMING-17#134 Warning
Non-clocked sequential cell  
The clock pin Block_Diagram_i/PID_0/U0/con_Kp_den_reg[6]/C is not reached by a timing clock
Related violations: <none>

TIMING-17#135 Warning
Non-clocked sequential cell  
The clock pin Block_Diagram_i/PID_0/U0/con_Kp_den_reg[7]/C is not reached by a timing clock
Related violations: <none>

TIMING-17#136 Warning
Non-clocked sequential cell  
The clock pin Block_Diagram_i/PID_0/U0/con_Kp_den_reg[8]/C is not reached by a timing clock
Related violations: <none>

TIMING-17#137 Warning
Non-clocked sequential cell  
The clock pin Block_Diagram_i/PID_0/U0/con_Kp_den_reg[9]/C is not reached by a timing clock
Related violations: <none>

TIMING-17#138 Warning
Non-clocked sequential cell  
The clock pin Block_Diagram_i/PID_0/U0/d4/CLK is not reached by a timing clock
Related violations: <none>

TIMING-17#139 Warning
Non-clocked sequential cell  
The clock pin Block_Diagram_i/PID_0/U0/d4__0/CLK is not reached by a timing clock
Related violations: <none>

TIMING-17#140 Warning
Non-clocked sequential cell  
The clock pin Block_Diagram_i/PID_0/U0/d4__1/CLK is not reached by a timing clock
Related violations: <none>

TIMING-17#141 Warning
Non-clocked sequential cell  
The clock pin Block_Diagram_i/PID_0/U0/d_reg[0]/C is not reached by a timing clock
Related violations: <none>

TIMING-17#142 Warning
Non-clocked sequential cell  
The clock pin Block_Diagram_i/PID_0/U0/d_reg[10]/C is not reached by a timing clock
Related violations: <none>

TIMING-17#143 Warning
Non-clocked sequential cell  
The clock pin Block_Diagram_i/PID_0/U0/d_reg[11]/C is not reached by a timing clock
Related violations: <none>

TIMING-17#144 Warning
Non-clocked sequential cell  
The clock pin Block_Diagram_i/PID_0/U0/d_reg[12]/C is not reached by a timing clock
Related violations: <none>

TIMING-17#145 Warning
Non-clocked sequential cell  
The clock pin Block_Diagram_i/PID_0/U0/d_reg[13]/C is not reached by a timing clock
Related violations: <none>

TIMING-17#146 Warning
Non-clocked sequential cell  
The clock pin Block_Diagram_i/PID_0/U0/d_reg[14]/C is not reached by a timing clock
Related violations: <none>

TIMING-17#147 Warning
Non-clocked sequential cell  
The clock pin Block_Diagram_i/PID_0/U0/d_reg[15]/C is not reached by a timing clock
Related violations: <none>

TIMING-17#148 Warning
Non-clocked sequential cell  
The clock pin Block_Diagram_i/PID_0/U0/d_reg[16]/C is not reached by a timing clock
Related violations: <none>

TIMING-17#149 Warning
Non-clocked sequential cell  
The clock pin Block_Diagram_i/PID_0/U0/d_reg[17]/C is not reached by a timing clock
Related violations: <none>

TIMING-17#150 Warning
Non-clocked sequential cell  
The clock pin Block_Diagram_i/PID_0/U0/d_reg[18]/C is not reached by a timing clock
Related violations: <none>

TIMING-17#151 Warning
Non-clocked sequential cell  
The clock pin Block_Diagram_i/PID_0/U0/d_reg[19]/C is not reached by a timing clock
Related violations: <none>

TIMING-17#152 Warning
Non-clocked sequential cell  
The clock pin Block_Diagram_i/PID_0/U0/d_reg[1]/C is not reached by a timing clock
Related violations: <none>

TIMING-17#153 Warning
Non-clocked sequential cell  
The clock pin Block_Diagram_i/PID_0/U0/d_reg[20]/C is not reached by a timing clock
Related violations: <none>

TIMING-17#154 Warning
Non-clocked sequential cell  
The clock pin Block_Diagram_i/PID_0/U0/d_reg[21]/C is not reached by a timing clock
Related violations: <none>

TIMING-17#155 Warning
Non-clocked sequential cell  
The clock pin Block_Diagram_i/PID_0/U0/d_reg[22]/C is not reached by a timing clock
Related violations: <none>

TIMING-17#156 Warning
Non-clocked sequential cell  
The clock pin Block_Diagram_i/PID_0/U0/d_reg[23]/C is not reached by a timing clock
Related violations: <none>

TIMING-17#157 Warning
Non-clocked sequential cell  
The clock pin Block_Diagram_i/PID_0/U0/d_reg[24]/C is not reached by a timing clock
Related violations: <none>

TIMING-17#158 Warning
Non-clocked sequential cell  
The clock pin Block_Diagram_i/PID_0/U0/d_reg[25]/C is not reached by a timing clock
Related violations: <none>

TIMING-17#159 Warning
Non-clocked sequential cell  
The clock pin Block_Diagram_i/PID_0/U0/d_reg[26]/C is not reached by a timing clock
Related violations: <none>

TIMING-17#160 Warning
Non-clocked sequential cell  
The clock pin Block_Diagram_i/PID_0/U0/d_reg[27]/C is not reached by a timing clock
Related violations: <none>

TIMING-17#161 Warning
Non-clocked sequential cell  
The clock pin Block_Diagram_i/PID_0/U0/d_reg[28]/C is not reached by a timing clock
Related violations: <none>

TIMING-17#162 Warning
Non-clocked sequential cell  
The clock pin Block_Diagram_i/PID_0/U0/d_reg[29]/C is not reached by a timing clock
Related violations: <none>

TIMING-17#163 Warning
Non-clocked sequential cell  
The clock pin Block_Diagram_i/PID_0/U0/d_reg[2]/C is not reached by a timing clock
Related violations: <none>

TIMING-17#164 Warning
Non-clocked sequential cell  
The clock pin Block_Diagram_i/PID_0/U0/d_reg[30]/C is not reached by a timing clock
Related violations: <none>

TIMING-17#165 Warning
Non-clocked sequential cell  
The clock pin Block_Diagram_i/PID_0/U0/d_reg[31]/C is not reached by a timing clock
Related violations: <none>

TIMING-17#166 Warning
Non-clocked sequential cell  
The clock pin Block_Diagram_i/PID_0/U0/d_reg[3]/C is not reached by a timing clock
Related violations: <none>

TIMING-17#167 Warning
Non-clocked sequential cell  
The clock pin Block_Diagram_i/PID_0/U0/d_reg[4]/C is not reached by a timing clock
Related violations: <none>

TIMING-17#168 Warning
Non-clocked sequential cell  
The clock pin Block_Diagram_i/PID_0/U0/d_reg[5]/C is not reached by a timing clock
Related violations: <none>

TIMING-17#169 Warning
Non-clocked sequential cell  
The clock pin Block_Diagram_i/PID_0/U0/d_reg[6]/C is not reached by a timing clock
Related violations: <none>

TIMING-17#170 Warning
Non-clocked sequential cell  
The clock pin Block_Diagram_i/PID_0/U0/d_reg[7]/C is not reached by a timing clock
Related violations: <none>

TIMING-17#171 Warning
Non-clocked sequential cell  
The clock pin Block_Diagram_i/PID_0/U0/d_reg[8]/C is not reached by a timing clock
Related violations: <none>

TIMING-17#172 Warning
Non-clocked sequential cell  
The clock pin Block_Diagram_i/PID_0/U0/d_reg[9]/C is not reached by a timing clock
Related violations: <none>

TIMING-17#173 Warning
Non-clocked sequential cell  
The clock pin Block_Diagram_i/PID_0/U0/dir_loaded_reg[0]/C is not reached by a timing clock
Related violations: <none>

TIMING-17#174 Warning
Non-clocked sequential cell  
The clock pin Block_Diagram_i/PID_0/U0/dir_reg[0]/C is not reached by a timing clock
Related violations: <none>

TIMING-17#175 Warning
Non-clocked sequential cell  
The clock pin Block_Diagram_i/PID_0/U0/dir_reg[0]_lopt_replica/C is not reached by a timing clock
Related violations: <none>

TIMING-17#176 Warning
Non-clocked sequential cell  
The clock pin Block_Diagram_i/PID_0/U0/error_sum_reg[0]/C is not reached by a timing clock
Related violations: <none>

TIMING-17#177 Warning
Non-clocked sequential cell  
The clock pin Block_Diagram_i/PID_0/U0/error_sum_reg[10]/C is not reached by a timing clock
Related violations: <none>

TIMING-17#178 Warning
Non-clocked sequential cell  
The clock pin Block_Diagram_i/PID_0/U0/error_sum_reg[11]/C is not reached by a timing clock
Related violations: <none>

TIMING-17#179 Warning
Non-clocked sequential cell  
The clock pin Block_Diagram_i/PID_0/U0/error_sum_reg[12]/C is not reached by a timing clock
Related violations: <none>

TIMING-17#180 Warning
Non-clocked sequential cell  
The clock pin Block_Diagram_i/PID_0/U0/error_sum_reg[13]/C is not reached by a timing clock
Related violations: <none>

TIMING-17#181 Warning
Non-clocked sequential cell  
The clock pin Block_Diagram_i/PID_0/U0/error_sum_reg[14]/C is not reached by a timing clock
Related violations: <none>

TIMING-17#182 Warning
Non-clocked sequential cell  
The clock pin Block_Diagram_i/PID_0/U0/error_sum_reg[15]/C is not reached by a timing clock
Related violations: <none>

TIMING-17#183 Warning
Non-clocked sequential cell  
The clock pin Block_Diagram_i/PID_0/U0/error_sum_reg[16]/C is not reached by a timing clock
Related violations: <none>

TIMING-17#184 Warning
Non-clocked sequential cell  
The clock pin Block_Diagram_i/PID_0/U0/error_sum_reg[17]/C is not reached by a timing clock
Related violations: <none>

TIMING-17#185 Warning
Non-clocked sequential cell  
The clock pin Block_Diagram_i/PID_0/U0/error_sum_reg[18]/C is not reached by a timing clock
Related violations: <none>

TIMING-17#186 Warning
Non-clocked sequential cell  
The clock pin Block_Diagram_i/PID_0/U0/error_sum_reg[19]/C is not reached by a timing clock
Related violations: <none>

TIMING-17#187 Warning
Non-clocked sequential cell  
The clock pin Block_Diagram_i/PID_0/U0/error_sum_reg[1]/C is not reached by a timing clock
Related violations: <none>

TIMING-17#188 Warning
Non-clocked sequential cell  
The clock pin Block_Diagram_i/PID_0/U0/error_sum_reg[20]/C is not reached by a timing clock
Related violations: <none>

TIMING-17#189 Warning
Non-clocked sequential cell  
The clock pin Block_Diagram_i/PID_0/U0/error_sum_reg[21]/C is not reached by a timing clock
Related violations: <none>

TIMING-17#190 Warning
Non-clocked sequential cell  
The clock pin Block_Diagram_i/PID_0/U0/error_sum_reg[22]/C is not reached by a timing clock
Related violations: <none>

TIMING-17#191 Warning
Non-clocked sequential cell  
The clock pin Block_Diagram_i/PID_0/U0/error_sum_reg[23]/C is not reached by a timing clock
Related violations: <none>

TIMING-17#192 Warning
Non-clocked sequential cell  
The clock pin Block_Diagram_i/PID_0/U0/error_sum_reg[24]/C is not reached by a timing clock
Related violations: <none>

TIMING-17#193 Warning
Non-clocked sequential cell  
The clock pin Block_Diagram_i/PID_0/U0/error_sum_reg[25]/C is not reached by a timing clock
Related violations: <none>

TIMING-17#194 Warning
Non-clocked sequential cell  
The clock pin Block_Diagram_i/PID_0/U0/error_sum_reg[26]/C is not reached by a timing clock
Related violations: <none>

TIMING-17#195 Warning
Non-clocked sequential cell  
The clock pin Block_Diagram_i/PID_0/U0/error_sum_reg[27]/C is not reached by a timing clock
Related violations: <none>

TIMING-17#196 Warning
Non-clocked sequential cell  
The clock pin Block_Diagram_i/PID_0/U0/error_sum_reg[28]/C is not reached by a timing clock
Related violations: <none>

TIMING-17#197 Warning
Non-clocked sequential cell  
The clock pin Block_Diagram_i/PID_0/U0/error_sum_reg[29]/C is not reached by a timing clock
Related violations: <none>

TIMING-17#198 Warning
Non-clocked sequential cell  
The clock pin Block_Diagram_i/PID_0/U0/error_sum_reg[2]/C is not reached by a timing clock
Related violations: <none>

TIMING-17#199 Warning
Non-clocked sequential cell  
The clock pin Block_Diagram_i/PID_0/U0/error_sum_reg[30]/C is not reached by a timing clock
Related violations: <none>

TIMING-17#200 Warning
Non-clocked sequential cell  
The clock pin Block_Diagram_i/PID_0/U0/error_sum_reg[31]/C is not reached by a timing clock
Related violations: <none>

TIMING-17#201 Warning
Non-clocked sequential cell  
The clock pin Block_Diagram_i/PID_0/U0/error_sum_reg[3]/C is not reached by a timing clock
Related violations: <none>

TIMING-17#202 Warning
Non-clocked sequential cell  
The clock pin Block_Diagram_i/PID_0/U0/error_sum_reg[4]/C is not reached by a timing clock
Related violations: <none>

TIMING-17#203 Warning
Non-clocked sequential cell  
The clock pin Block_Diagram_i/PID_0/U0/error_sum_reg[5]/C is not reached by a timing clock
Related violations: <none>

TIMING-17#204 Warning
Non-clocked sequential cell  
The clock pin Block_Diagram_i/PID_0/U0/error_sum_reg[6]/C is not reached by a timing clock
Related violations: <none>

TIMING-17#205 Warning
Non-clocked sequential cell  
The clock pin Block_Diagram_i/PID_0/U0/error_sum_reg[7]/C is not reached by a timing clock
Related violations: <none>

TIMING-17#206 Warning
Non-clocked sequential cell  
The clock pin Block_Diagram_i/PID_0/U0/error_sum_reg[8]/C is not reached by a timing clock
Related violations: <none>

TIMING-17#207 Warning
Non-clocked sequential cell  
The clock pin Block_Diagram_i/PID_0/U0/error_sum_reg[9]/C is not reached by a timing clock
Related violations: <none>

TIMING-17#208 Warning
Non-clocked sequential cell  
The clock pin Block_Diagram_i/PID_0/U0/i4/CLK is not reached by a timing clock
Related violations: <none>

TIMING-17#209 Warning
Non-clocked sequential cell  
The clock pin Block_Diagram_i/PID_0/U0/i4__0/CLK is not reached by a timing clock
Related violations: <none>

TIMING-17#210 Warning
Non-clocked sequential cell  
The clock pin Block_Diagram_i/PID_0/U0/i4__1/CLK is not reached by a timing clock
Related violations: <none>

TIMING-17#211 Warning
Non-clocked sequential cell  
The clock pin Block_Diagram_i/PID_0/U0/i_reg[0]/C is not reached by a timing clock
Related violations: <none>

TIMING-17#212 Warning
Non-clocked sequential cell  
The clock pin Block_Diagram_i/PID_0/U0/i_reg[10]/C is not reached by a timing clock
Related violations: <none>

TIMING-17#213 Warning
Non-clocked sequential cell  
The clock pin Block_Diagram_i/PID_0/U0/i_reg[11]/C is not reached by a timing clock
Related violations: <none>

TIMING-17#214 Warning
Non-clocked sequential cell  
The clock pin Block_Diagram_i/PID_0/U0/i_reg[12]/C is not reached by a timing clock
Related violations: <none>

TIMING-17#215 Warning
Non-clocked sequential cell  
The clock pin Block_Diagram_i/PID_0/U0/i_reg[13]/C is not reached by a timing clock
Related violations: <none>

TIMING-17#216 Warning
Non-clocked sequential cell  
The clock pin Block_Diagram_i/PID_0/U0/i_reg[14]/C is not reached by a timing clock
Related violations: <none>

TIMING-17#217 Warning
Non-clocked sequential cell  
The clock pin Block_Diagram_i/PID_0/U0/i_reg[15]/C is not reached by a timing clock
Related violations: <none>

TIMING-17#218 Warning
Non-clocked sequential cell  
The clock pin Block_Diagram_i/PID_0/U0/i_reg[16]/C is not reached by a timing clock
Related violations: <none>

TIMING-17#219 Warning
Non-clocked sequential cell  
The clock pin Block_Diagram_i/PID_0/U0/i_reg[17]/C is not reached by a timing clock
Related violations: <none>

TIMING-17#220 Warning
Non-clocked sequential cell  
The clock pin Block_Diagram_i/PID_0/U0/i_reg[18]/C is not reached by a timing clock
Related violations: <none>

TIMING-17#221 Warning
Non-clocked sequential cell  
The clock pin Block_Diagram_i/PID_0/U0/i_reg[19]/C is not reached by a timing clock
Related violations: <none>

TIMING-17#222 Warning
Non-clocked sequential cell  
The clock pin Block_Diagram_i/PID_0/U0/i_reg[1]/C is not reached by a timing clock
Related violations: <none>

TIMING-17#223 Warning
Non-clocked sequential cell  
The clock pin Block_Diagram_i/PID_0/U0/i_reg[20]/C is not reached by a timing clock
Related violations: <none>

TIMING-17#224 Warning
Non-clocked sequential cell  
The clock pin Block_Diagram_i/PID_0/U0/i_reg[21]/C is not reached by a timing clock
Related violations: <none>

TIMING-17#225 Warning
Non-clocked sequential cell  
The clock pin Block_Diagram_i/PID_0/U0/i_reg[22]/C is not reached by a timing clock
Related violations: <none>

TIMING-17#226 Warning
Non-clocked sequential cell  
The clock pin Block_Diagram_i/PID_0/U0/i_reg[23]/C is not reached by a timing clock
Related violations: <none>

TIMING-17#227 Warning
Non-clocked sequential cell  
The clock pin Block_Diagram_i/PID_0/U0/i_reg[24]/C is not reached by a timing clock
Related violations: <none>

TIMING-17#228 Warning
Non-clocked sequential cell  
The clock pin Block_Diagram_i/PID_0/U0/i_reg[25]/C is not reached by a timing clock
Related violations: <none>

TIMING-17#229 Warning
Non-clocked sequential cell  
The clock pin Block_Diagram_i/PID_0/U0/i_reg[26]/C is not reached by a timing clock
Related violations: <none>

TIMING-17#230 Warning
Non-clocked sequential cell  
The clock pin Block_Diagram_i/PID_0/U0/i_reg[27]/C is not reached by a timing clock
Related violations: <none>

TIMING-17#231 Warning
Non-clocked sequential cell  
The clock pin Block_Diagram_i/PID_0/U0/i_reg[28]/C is not reached by a timing clock
Related violations: <none>

TIMING-17#232 Warning
Non-clocked sequential cell  
The clock pin Block_Diagram_i/PID_0/U0/i_reg[29]/C is not reached by a timing clock
Related violations: <none>

TIMING-17#233 Warning
Non-clocked sequential cell  
The clock pin Block_Diagram_i/PID_0/U0/i_reg[2]/C is not reached by a timing clock
Related violations: <none>

TIMING-17#234 Warning
Non-clocked sequential cell  
The clock pin Block_Diagram_i/PID_0/U0/i_reg[30]/C is not reached by a timing clock
Related violations: <none>

TIMING-17#235 Warning
Non-clocked sequential cell  
The clock pin Block_Diagram_i/PID_0/U0/i_reg[31]/C is not reached by a timing clock
Related violations: <none>

TIMING-17#236 Warning
Non-clocked sequential cell  
The clock pin Block_Diagram_i/PID_0/U0/i_reg[3]/C is not reached by a timing clock
Related violations: <none>

TIMING-17#237 Warning
Non-clocked sequential cell  
The clock pin Block_Diagram_i/PID_0/U0/i_reg[4]/C is not reached by a timing clock
Related violations: <none>

TIMING-17#238 Warning
Non-clocked sequential cell  
The clock pin Block_Diagram_i/PID_0/U0/i_reg[5]/C is not reached by a timing clock
Related violations: <none>

TIMING-17#239 Warning
Non-clocked sequential cell  
The clock pin Block_Diagram_i/PID_0/U0/i_reg[6]/C is not reached by a timing clock
Related violations: <none>

TIMING-17#240 Warning
Non-clocked sequential cell  
The clock pin Block_Diagram_i/PID_0/U0/i_reg[7]/C is not reached by a timing clock
Related violations: <none>

TIMING-17#241 Warning
Non-clocked sequential cell  
The clock pin Block_Diagram_i/PID_0/U0/i_reg[8]/C is not reached by a timing clock
Related violations: <none>

TIMING-17#242 Warning
Non-clocked sequential cell  
The clock pin Block_Diagram_i/PID_0/U0/i_reg[9]/C is not reached by a timing clock
Related violations: <none>

TIMING-17#243 Warning
Non-clocked sequential cell  
The clock pin Block_Diagram_i/PID_0/U0/old_error_reg[0]/C is not reached by a timing clock
Related violations: <none>

TIMING-17#244 Warning
Non-clocked sequential cell  
The clock pin Block_Diagram_i/PID_0/U0/old_error_reg[10]/C is not reached by a timing clock
Related violations: <none>

TIMING-17#245 Warning
Non-clocked sequential cell  
The clock pin Block_Diagram_i/PID_0/U0/old_error_reg[11]/C is not reached by a timing clock
Related violations: <none>

TIMING-17#246 Warning
Non-clocked sequential cell  
The clock pin Block_Diagram_i/PID_0/U0/old_error_reg[12]/C is not reached by a timing clock
Related violations: <none>

TIMING-17#247 Warning
Non-clocked sequential cell  
The clock pin Block_Diagram_i/PID_0/U0/old_error_reg[13]/C is not reached by a timing clock
Related violations: <none>

TIMING-17#248 Warning
Non-clocked sequential cell  
The clock pin Block_Diagram_i/PID_0/U0/old_error_reg[14]/C is not reached by a timing clock
Related violations: <none>

TIMING-17#249 Warning
Non-clocked sequential cell  
The clock pin Block_Diagram_i/PID_0/U0/old_error_reg[15]/C is not reached by a timing clock
Related violations: <none>

TIMING-17#250 Warning
Non-clocked sequential cell  
The clock pin Block_Diagram_i/PID_0/U0/old_error_reg[18]/C is not reached by a timing clock
Related violations: <none>

TIMING-17#251 Warning
Non-clocked sequential cell  
The clock pin Block_Diagram_i/PID_0/U0/old_error_reg[1]/C is not reached by a timing clock
Related violations: <none>

TIMING-17#252 Warning
Non-clocked sequential cell  
The clock pin Block_Diagram_i/PID_0/U0/old_error_reg[2]/C is not reached by a timing clock
Related violations: <none>

TIMING-17#253 Warning
Non-clocked sequential cell  
The clock pin Block_Diagram_i/PID_0/U0/old_error_reg[3]/C is not reached by a timing clock
Related violations: <none>

TIMING-17#254 Warning
Non-clocked sequential cell  
The clock pin Block_Diagram_i/PID_0/U0/old_error_reg[4]/C is not reached by a timing clock
Related violations: <none>

TIMING-17#255 Warning
Non-clocked sequential cell  
The clock pin Block_Diagram_i/PID_0/U0/old_error_reg[5]/C is not reached by a timing clock
Related violations: <none>

TIMING-17#256 Warning
Non-clocked sequential cell  
The clock pin Block_Diagram_i/PID_0/U0/old_error_reg[6]/C is not reached by a timing clock
Related violations: <none>

TIMING-17#257 Warning
Non-clocked sequential cell  
The clock pin Block_Diagram_i/PID_0/U0/old_error_reg[7]/C is not reached by a timing clock
Related violations: <none>

TIMING-17#258 Warning
Non-clocked sequential cell  
The clock pin Block_Diagram_i/PID_0/U0/old_error_reg[8]/C is not reached by a timing clock
Related violations: <none>

TIMING-17#259 Warning
Non-clocked sequential cell  
The clock pin Block_Diagram_i/PID_0/U0/old_error_reg[9]/C is not reached by a timing clock
Related violations: <none>

TIMING-17#260 Warning
Non-clocked sequential cell  
The clock pin Block_Diagram_i/PID_0/U0/output_loaded_reg[10]/C is not reached by a timing clock
Related violations: <none>

TIMING-17#261 Warning
Non-clocked sequential cell  
The clock pin Block_Diagram_i/PID_0/U0/output_loaded_reg[11]/C is not reached by a timing clock
Related violations: <none>

TIMING-17#262 Warning
Non-clocked sequential cell  
The clock pin Block_Diagram_i/PID_0/U0/output_loaded_reg[12]/C is not reached by a timing clock
Related violations: <none>

TIMING-17#263 Warning
Non-clocked sequential cell  
The clock pin Block_Diagram_i/PID_0/U0/output_loaded_reg[13]/C is not reached by a timing clock
Related violations: <none>

TIMING-17#264 Warning
Non-clocked sequential cell  
The clock pin Block_Diagram_i/PID_0/U0/output_loaded_reg[14]/C is not reached by a timing clock
Related violations: <none>

TIMING-17#265 Warning
Non-clocked sequential cell  
The clock pin Block_Diagram_i/PID_0/U0/output_loaded_reg[15]/C is not reached by a timing clock
Related violations: <none>

TIMING-17#266 Warning
Non-clocked sequential cell  
The clock pin Block_Diagram_i/PID_0/U0/output_loaded_reg[1]/C is not reached by a timing clock
Related violations: <none>

TIMING-17#267 Warning
Non-clocked sequential cell  
The clock pin Block_Diagram_i/PID_0/U0/output_loaded_reg[2]/C is not reached by a timing clock
Related violations: <none>

TIMING-17#268 Warning
Non-clocked sequential cell  
The clock pin Block_Diagram_i/PID_0/U0/output_loaded_reg[3]/C is not reached by a timing clock
Related violations: <none>

TIMING-17#269 Warning
Non-clocked sequential cell  
The clock pin Block_Diagram_i/PID_0/U0/output_loaded_reg[4]/C is not reached by a timing clock
Related violations: <none>

TIMING-17#270 Warning
Non-clocked sequential cell  
The clock pin Block_Diagram_i/PID_0/U0/output_loaded_reg[5]/C is not reached by a timing clock
Related violations: <none>

TIMING-17#271 Warning
Non-clocked sequential cell  
The clock pin Block_Diagram_i/PID_0/U0/output_loaded_reg[6]/C is not reached by a timing clock
Related violations: <none>

TIMING-17#272 Warning
Non-clocked sequential cell  
The clock pin Block_Diagram_i/PID_0/U0/output_loaded_reg[7]/C is not reached by a timing clock
Related violations: <none>

TIMING-17#273 Warning
Non-clocked sequential cell  
The clock pin Block_Diagram_i/PID_0/U0/output_loaded_reg[8]/C is not reached by a timing clock
Related violations: <none>

TIMING-17#274 Warning
Non-clocked sequential cell  
The clock pin Block_Diagram_i/PID_0/U0/output_loaded_reg[9]/C is not reached by a timing clock
Related violations: <none>

TIMING-17#275 Warning
Non-clocked sequential cell  
The clock pin Block_Diagram_i/PID_0/U0/output_reg[10]/C is not reached by a timing clock
Related violations: <none>

TIMING-17#276 Warning
Non-clocked sequential cell  
The clock pin Block_Diagram_i/PID_0/U0/output_reg[11]/C is not reached by a timing clock
Related violations: <none>

TIMING-17#277 Warning
Non-clocked sequential cell  
The clock pin Block_Diagram_i/PID_0/U0/output_reg[12]/C is not reached by a timing clock
Related violations: <none>

TIMING-17#278 Warning
Non-clocked sequential cell  
The clock pin Block_Diagram_i/PID_0/U0/output_reg[13]/C is not reached by a timing clock
Related violations: <none>

TIMING-17#279 Warning
Non-clocked sequential cell  
The clock pin Block_Diagram_i/PID_0/U0/output_reg[14]/C is not reached by a timing clock
Related violations: <none>

TIMING-17#280 Warning
Non-clocked sequential cell  
The clock pin Block_Diagram_i/PID_0/U0/output_reg[15]/C is not reached by a timing clock
Related violations: <none>

TIMING-17#281 Warning
Non-clocked sequential cell  
The clock pin Block_Diagram_i/PID_0/U0/output_reg[1]/C is not reached by a timing clock
Related violations: <none>

TIMING-17#282 Warning
Non-clocked sequential cell  
The clock pin Block_Diagram_i/PID_0/U0/output_reg[2]/C is not reached by a timing clock
Related violations: <none>

TIMING-17#283 Warning
Non-clocked sequential cell  
The clock pin Block_Diagram_i/PID_0/U0/output_reg[3]/C is not reached by a timing clock
Related violations: <none>

TIMING-17#284 Warning
Non-clocked sequential cell  
The clock pin Block_Diagram_i/PID_0/U0/output_reg[4]/C is not reached by a timing clock
Related violations: <none>

TIMING-17#285 Warning
Non-clocked sequential cell  
The clock pin Block_Diagram_i/PID_0/U0/output_reg[5]/C is not reached by a timing clock
Related violations: <none>

TIMING-17#286 Warning
Non-clocked sequential cell  
The clock pin Block_Diagram_i/PID_0/U0/output_reg[6]/C is not reached by a timing clock
Related violations: <none>

TIMING-17#287 Warning
Non-clocked sequential cell  
The clock pin Block_Diagram_i/PID_0/U0/output_reg[7]/C is not reached by a timing clock
Related violations: <none>

TIMING-17#288 Warning
Non-clocked sequential cell  
The clock pin Block_Diagram_i/PID_0/U0/output_reg[8]/C is not reached by a timing clock
Related violations: <none>

TIMING-17#289 Warning
Non-clocked sequential cell  
The clock pin Block_Diagram_i/PID_0/U0/output_reg[9]/C is not reached by a timing clock
Related violations: <none>

TIMING-17#290 Warning
Non-clocked sequential cell  
The clock pin Block_Diagram_i/PID_0/U0/output_saturation_buffer_reg[0]/C is not reached by a timing clock
Related violations: <none>

TIMING-17#291 Warning
Non-clocked sequential cell  
The clock pin Block_Diagram_i/PID_0/U0/output_saturation_buffer_reg[10]/C is not reached by a timing clock
Related violations: <none>

TIMING-17#292 Warning
Non-clocked sequential cell  
The clock pin Block_Diagram_i/PID_0/U0/output_saturation_buffer_reg[11]/C is not reached by a timing clock
Related violations: <none>

TIMING-17#293 Warning
Non-clocked sequential cell  
The clock pin Block_Diagram_i/PID_0/U0/output_saturation_buffer_reg[12]/C is not reached by a timing clock
Related violations: <none>

TIMING-17#294 Warning
Non-clocked sequential cell  
The clock pin Block_Diagram_i/PID_0/U0/output_saturation_buffer_reg[13]/C is not reached by a timing clock
Related violations: <none>

TIMING-17#295 Warning
Non-clocked sequential cell  
The clock pin Block_Diagram_i/PID_0/U0/output_saturation_buffer_reg[14]/C is not reached by a timing clock
Related violations: <none>

TIMING-17#296 Warning
Non-clocked sequential cell  
The clock pin Block_Diagram_i/PID_0/U0/output_saturation_buffer_reg[15]/C is not reached by a timing clock
Related violations: <none>

TIMING-17#297 Warning
Non-clocked sequential cell  
The clock pin Block_Diagram_i/PID_0/U0/output_saturation_buffer_reg[16]/C is not reached by a timing clock
Related violations: <none>

TIMING-17#298 Warning
Non-clocked sequential cell  
The clock pin Block_Diagram_i/PID_0/U0/output_saturation_buffer_reg[17]/C is not reached by a timing clock
Related violations: <none>

TIMING-17#299 Warning
Non-clocked sequential cell  
The clock pin Block_Diagram_i/PID_0/U0/output_saturation_buffer_reg[18]/C is not reached by a timing clock
Related violations: <none>

TIMING-17#300 Warning
Non-clocked sequential cell  
The clock pin Block_Diagram_i/PID_0/U0/output_saturation_buffer_reg[19]/C is not reached by a timing clock
Related violations: <none>

TIMING-17#301 Warning
Non-clocked sequential cell  
The clock pin Block_Diagram_i/PID_0/U0/output_saturation_buffer_reg[1]/C is not reached by a timing clock
Related violations: <none>

TIMING-17#302 Warning
Non-clocked sequential cell  
The clock pin Block_Diagram_i/PID_0/U0/output_saturation_buffer_reg[20]/C is not reached by a timing clock
Related violations: <none>

TIMING-17#303 Warning
Non-clocked sequential cell  
The clock pin Block_Diagram_i/PID_0/U0/output_saturation_buffer_reg[21]/C is not reached by a timing clock
Related violations: <none>

TIMING-17#304 Warning
Non-clocked sequential cell  
The clock pin Block_Diagram_i/PID_0/U0/output_saturation_buffer_reg[22]/C is not reached by a timing clock
Related violations: <none>

TIMING-17#305 Warning
Non-clocked sequential cell  
The clock pin Block_Diagram_i/PID_0/U0/output_saturation_buffer_reg[23]/C is not reached by a timing clock
Related violations: <none>

TIMING-17#306 Warning
Non-clocked sequential cell  
The clock pin Block_Diagram_i/PID_0/U0/output_saturation_buffer_reg[24]/C is not reached by a timing clock
Related violations: <none>

TIMING-17#307 Warning
Non-clocked sequential cell  
The clock pin Block_Diagram_i/PID_0/U0/output_saturation_buffer_reg[25]/C is not reached by a timing clock
Related violations: <none>

TIMING-17#308 Warning
Non-clocked sequential cell  
The clock pin Block_Diagram_i/PID_0/U0/output_saturation_buffer_reg[26]/C is not reached by a timing clock
Related violations: <none>

TIMING-17#309 Warning
Non-clocked sequential cell  
The clock pin Block_Diagram_i/PID_0/U0/output_saturation_buffer_reg[27]/C is not reached by a timing clock
Related violations: <none>

TIMING-17#310 Warning
Non-clocked sequential cell  
The clock pin Block_Diagram_i/PID_0/U0/output_saturation_buffer_reg[28]/C is not reached by a timing clock
Related violations: <none>

TIMING-17#311 Warning
Non-clocked sequential cell  
The clock pin Block_Diagram_i/PID_0/U0/output_saturation_buffer_reg[29]/C is not reached by a timing clock
Related violations: <none>

TIMING-17#312 Warning
Non-clocked sequential cell  
The clock pin Block_Diagram_i/PID_0/U0/output_saturation_buffer_reg[2]/C is not reached by a timing clock
Related violations: <none>

TIMING-17#313 Warning
Non-clocked sequential cell  
The clock pin Block_Diagram_i/PID_0/U0/output_saturation_buffer_reg[30]/C is not reached by a timing clock
Related violations: <none>

TIMING-17#314 Warning
Non-clocked sequential cell  
The clock pin Block_Diagram_i/PID_0/U0/output_saturation_buffer_reg[31]/C is not reached by a timing clock
Related violations: <none>

TIMING-17#315 Warning
Non-clocked sequential cell  
The clock pin Block_Diagram_i/PID_0/U0/output_saturation_buffer_reg[3]/C is not reached by a timing clock
Related violations: <none>

TIMING-17#316 Warning
Non-clocked sequential cell  
The clock pin Block_Diagram_i/PID_0/U0/output_saturation_buffer_reg[4]/C is not reached by a timing clock
Related violations: <none>

TIMING-17#317 Warning
Non-clocked sequential cell  
The clock pin Block_Diagram_i/PID_0/U0/output_saturation_buffer_reg[5]/C is not reached by a timing clock
Related violations: <none>

TIMING-17#318 Warning
Non-clocked sequential cell  
The clock pin Block_Diagram_i/PID_0/U0/output_saturation_buffer_reg[6]/C is not reached by a timing clock
Related violations: <none>

TIMING-17#319 Warning
Non-clocked sequential cell  
The clock pin Block_Diagram_i/PID_0/U0/output_saturation_buffer_reg[7]/C is not reached by a timing clock
Related violations: <none>

TIMING-17#320 Warning
Non-clocked sequential cell  
The clock pin Block_Diagram_i/PID_0/U0/output_saturation_buffer_reg[8]/C is not reached by a timing clock
Related violations: <none>

TIMING-17#321 Warning
Non-clocked sequential cell  
The clock pin Block_Diagram_i/PID_0/U0/output_saturation_buffer_reg[9]/C is not reached by a timing clock
Related violations: <none>

TIMING-17#322 Warning
Non-clocked sequential cell  
The clock pin Block_Diagram_i/PID_0/U0/p4/CLK is not reached by a timing clock
Related violations: <none>

TIMING-17#323 Warning
Non-clocked sequential cell  
The clock pin Block_Diagram_i/PID_0/U0/p4__0/CLK is not reached by a timing clock
Related violations: <none>

TIMING-17#324 Warning
Non-clocked sequential cell  
The clock pin Block_Diagram_i/PID_0/U0/p4__1/CLK is not reached by a timing clock
Related violations: <none>

TIMING-17#325 Warning
Non-clocked sequential cell  
The clock pin Block_Diagram_i/PID_0/U0/p_reg[0]/C is not reached by a timing clock
Related violations: <none>

TIMING-17#326 Warning
Non-clocked sequential cell  
The clock pin Block_Diagram_i/PID_0/U0/p_reg[10]/C is not reached by a timing clock
Related violations: <none>

TIMING-17#327 Warning
Non-clocked sequential cell  
The clock pin Block_Diagram_i/PID_0/U0/p_reg[11]/C is not reached by a timing clock
Related violations: <none>

TIMING-17#328 Warning
Non-clocked sequential cell  
The clock pin Block_Diagram_i/PID_0/U0/p_reg[12]/C is not reached by a timing clock
Related violations: <none>

TIMING-17#329 Warning
Non-clocked sequential cell  
The clock pin Block_Diagram_i/PID_0/U0/p_reg[13]/C is not reached by a timing clock
Related violations: <none>

TIMING-17#330 Warning
Non-clocked sequential cell  
The clock pin Block_Diagram_i/PID_0/U0/p_reg[14]/C is not reached by a timing clock
Related violations: <none>

TIMING-17#331 Warning
Non-clocked sequential cell  
The clock pin Block_Diagram_i/PID_0/U0/p_reg[15]/C is not reached by a timing clock
Related violations: <none>

TIMING-17#332 Warning
Non-clocked sequential cell  
The clock pin Block_Diagram_i/PID_0/U0/p_reg[16]/C is not reached by a timing clock
Related violations: <none>

TIMING-17#333 Warning
Non-clocked sequential cell  
The clock pin Block_Diagram_i/PID_0/U0/p_reg[17]/C is not reached by a timing clock
Related violations: <none>

TIMING-17#334 Warning
Non-clocked sequential cell  
The clock pin Block_Diagram_i/PID_0/U0/p_reg[18]/C is not reached by a timing clock
Related violations: <none>

TIMING-17#335 Warning
Non-clocked sequential cell  
The clock pin Block_Diagram_i/PID_0/U0/p_reg[19]/C is not reached by a timing clock
Related violations: <none>

TIMING-17#336 Warning
Non-clocked sequential cell  
The clock pin Block_Diagram_i/PID_0/U0/p_reg[1]/C is not reached by a timing clock
Related violations: <none>

TIMING-17#337 Warning
Non-clocked sequential cell  
The clock pin Block_Diagram_i/PID_0/U0/p_reg[20]/C is not reached by a timing clock
Related violations: <none>

TIMING-17#338 Warning
Non-clocked sequential cell  
The clock pin Block_Diagram_i/PID_0/U0/p_reg[21]/C is not reached by a timing clock
Related violations: <none>

TIMING-17#339 Warning
Non-clocked sequential cell  
The clock pin Block_Diagram_i/PID_0/U0/p_reg[22]/C is not reached by a timing clock
Related violations: <none>

TIMING-17#340 Warning
Non-clocked sequential cell  
The clock pin Block_Diagram_i/PID_0/U0/p_reg[23]/C is not reached by a timing clock
Related violations: <none>

TIMING-17#341 Warning
Non-clocked sequential cell  
The clock pin Block_Diagram_i/PID_0/U0/p_reg[24]/C is not reached by a timing clock
Related violations: <none>

TIMING-17#342 Warning
Non-clocked sequential cell  
The clock pin Block_Diagram_i/PID_0/U0/p_reg[25]/C is not reached by a timing clock
Related violations: <none>

TIMING-17#343 Warning
Non-clocked sequential cell  
The clock pin Block_Diagram_i/PID_0/U0/p_reg[26]/C is not reached by a timing clock
Related violations: <none>

TIMING-17#344 Warning
Non-clocked sequential cell  
The clock pin Block_Diagram_i/PID_0/U0/p_reg[27]/C is not reached by a timing clock
Related violations: <none>

TIMING-17#345 Warning
Non-clocked sequential cell  
The clock pin Block_Diagram_i/PID_0/U0/p_reg[28]/C is not reached by a timing clock
Related violations: <none>

TIMING-17#346 Warning
Non-clocked sequential cell  
The clock pin Block_Diagram_i/PID_0/U0/p_reg[29]/C is not reached by a timing clock
Related violations: <none>

TIMING-17#347 Warning
Non-clocked sequential cell  
The clock pin Block_Diagram_i/PID_0/U0/p_reg[2]/C is not reached by a timing clock
Related violations: <none>

TIMING-17#348 Warning
Non-clocked sequential cell  
The clock pin Block_Diagram_i/PID_0/U0/p_reg[30]/C is not reached by a timing clock
Related violations: <none>

TIMING-17#349 Warning
Non-clocked sequential cell  
The clock pin Block_Diagram_i/PID_0/U0/p_reg[31]/C is not reached by a timing clock
Related violations: <none>

TIMING-17#350 Warning
Non-clocked sequential cell  
The clock pin Block_Diagram_i/PID_0/U0/p_reg[3]/C is not reached by a timing clock
Related violations: <none>

TIMING-17#351 Warning
Non-clocked sequential cell  
The clock pin Block_Diagram_i/PID_0/U0/p_reg[4]/C is not reached by a timing clock
Related violations: <none>

TIMING-17#352 Warning
Non-clocked sequential cell  
The clock pin Block_Diagram_i/PID_0/U0/p_reg[5]/C is not reached by a timing clock
Related violations: <none>

TIMING-17#353 Warning
Non-clocked sequential cell  
The clock pin Block_Diagram_i/PID_0/U0/p_reg[6]/C is not reached by a timing clock
Related violations: <none>

TIMING-17#354 Warning
Non-clocked sequential cell  
The clock pin Block_Diagram_i/PID_0/U0/p_reg[7]/C is not reached by a timing clock
Related violations: <none>

TIMING-17#355 Warning
Non-clocked sequential cell  
The clock pin Block_Diagram_i/PID_0/U0/p_reg[8]/C is not reached by a timing clock
Related violations: <none>

TIMING-17#356 Warning
Non-clocked sequential cell  
The clock pin Block_Diagram_i/PID_0/U0/p_reg[9]/C is not reached by a timing clock
Related violations: <none>

TIMING-18#1 Warning
Missing input or output delay  
An input delay is missing on A relative to clock(s) clk_fpga_0
Related violations: <none>

TIMING-18#2 Warning
Missing input or output delay  
An input delay is missing on B relative to clock(s) clk_fpga_0
Related violations: <none>

TIMING-18#3 Warning
Missing input or output delay  
An output delay is missing on pwm[0] relative to clock(s) clk_fpga_0
Related violations: <none>


