
*** Running vivado
    with args -log Block_Diagram_pwm_0_0.vds -m64 -product Vivado -mode batch -messageDb vivado.pb -notrace -source Block_Diagram_pwm_0_0.tcl


****** Vivado v2018.2 (64-bit)
  **** SW Build 2258646 on Thu Jun 14 20:02:38 MDT 2018
  **** IP Build 2256618 on Thu Jun 14 22:10:49 MDT 2018
    ** Copyright 1986-2018 Xilinx, Inc. All Rights Reserved.

source Block_Diagram_pwm_0_0.tcl -notrace
Command: synth_design -top Block_Diagram_pwm_0_0 -part xc7z010clg400-1 -mode out_of_context
Starting synth_design
Attempting to get a license for feature 'Synthesis' and/or device 'xc7z010'
INFO: [Common 17-349] Got license for feature 'Synthesis' and/or device 'xc7z010'
INFO: Launching helper process for spawning children vivado processes
INFO: Helper process launched with PID 11384 
---------------------------------------------------------------------------------
Starting RTL Elaboration : Time (s): cpu = 00:00:02 ; elapsed = 00:00:03 . Memory (MB): peak = 1392.355 ; gain = 89.684 ; free physical = 384 ; free virtual = 3502
---------------------------------------------------------------------------------
INFO: [Synth 8-638] synthesizing module 'Block_Diagram_pwm_0_0' [/home/remco/Final_Project_AES/Final_Project_AES.srcs/sources_1/bd/Block_Diagram/ip/Block_Diagram_pwm_0_0/synth/Block_Diagram_pwm_0_0.vhd:67]
	Parameter sys_clk bound to: 50000000 - type: integer 
	Parameter pwm_freq bound to: 2000 - type: integer 
	Parameter bits_resolution bound to: 16 - type: integer 
	Parameter phases bound to: 1 - type: integer 
INFO: [Synth 8-3491] module 'pwm' declared at '/home/remco/Desktop/PWM_Generator.vhd:5' bound to instance 'U0' of component 'pwm' [/home/remco/Final_Project_AES/Final_Project_AES.srcs/sources_1/bd/Block_Diagram/ip/Block_Diagram_pwm_0_0/synth/Block_Diagram_pwm_0_0.vhd:101]
INFO: [Synth 8-638] synthesizing module 'pwm' [/home/remco/Desktop/PWM_Generator.vhd:20]
	Parameter sys_clk bound to: 50000000 - type: integer 
	Parameter pwm_freq bound to: 2000 - type: integer 
	Parameter bits_resolution bound to: 16 - type: integer 
	Parameter phases bound to: 1 - type: integer 
INFO: [Synth 8-256] done synthesizing module 'pwm' (1#1) [/home/remco/Desktop/PWM_Generator.vhd:20]
INFO: [Synth 8-256] done synthesizing module 'Block_Diagram_pwm_0_0' (2#1) [/home/remco/Final_Project_AES/Final_Project_AES.srcs/sources_1/bd/Block_Diagram/ip/Block_Diagram_pwm_0_0/synth/Block_Diagram_pwm_0_0.vhd:67]
---------------------------------------------------------------------------------
Finished RTL Elaboration : Time (s): cpu = 00:00:03 ; elapsed = 00:00:04 . Memory (MB): peak = 1436.980 ; gain = 134.309 ; free physical = 393 ; free virtual = 3536
---------------------------------------------------------------------------------

Report Check Netlist: 
+------+------------------+-------+---------+-------+------------------+
|      |Item              |Errors |Warnings |Status |Description       |
+------+------------------+-------+---------+-------+------------------+
|1     |multi_driven_nets |      0|        0|Passed |Multi driven nets |
+------+------------------+-------+---------+-------+------------------+
---------------------------------------------------------------------------------
Start Handling Custom Attributes
---------------------------------------------------------------------------------
---------------------------------------------------------------------------------
Finished Handling Custom Attributes : Time (s): cpu = 00:00:03 ; elapsed = 00:00:04 . Memory (MB): peak = 1436.980 ; gain = 134.309 ; free physical = 386 ; free virtual = 3528
---------------------------------------------------------------------------------
---------------------------------------------------------------------------------
Finished RTL Optimization Phase 1 : Time (s): cpu = 00:00:03 ; elapsed = 00:00:04 . Memory (MB): peak = 1436.980 ; gain = 134.309 ; free physical = 386 ; free virtual = 3528
---------------------------------------------------------------------------------
INFO: [Device 21-403] Loading part xc7z010clg400-1
INFO: [Project 1-570] Preparing netlist for logic optimization

Processing XDC Constraints
Initializing timing engine
Completed Processing XDC Constraints

INFO: [Project 1-111] Unisim Transformation Summary:
No Unisim elements were transformed.

WARNING: [Constraints 18-5210] No constraint will be written out.
Constraint Validation Runtime : Time (s): cpu = 00:00:00.10 ; elapsed = 00:00:00.13 . Memory (MB): peak = 1754.617 ; gain = 1.000 ; free physical = 147 ; free virtual = 3297
---------------------------------------------------------------------------------
Finished Constraint Validation : Time (s): cpu = 00:00:15 ; elapsed = 00:00:28 . Memory (MB): peak = 1754.617 ; gain = 451.945 ; free physical = 172 ; free virtual = 3325
---------------------------------------------------------------------------------
---------------------------------------------------------------------------------
Start Loading Part and Timing Information
---------------------------------------------------------------------------------
Loading part: xc7z010clg400-1
---------------------------------------------------------------------------------
Finished Loading Part and Timing Information : Time (s): cpu = 00:00:15 ; elapsed = 00:00:28 . Memory (MB): peak = 1754.617 ; gain = 451.945 ; free physical = 172 ; free virtual = 3325
---------------------------------------------------------------------------------
---------------------------------------------------------------------------------
Start Applying 'set_property' XDC Constraints
---------------------------------------------------------------------------------
---------------------------------------------------------------------------------
Finished applying 'set_property' XDC Constraints : Time (s): cpu = 00:00:15 ; elapsed = 00:00:28 . Memory (MB): peak = 1754.617 ; gain = 451.945 ; free physical = 174 ; free virtual = 3327
---------------------------------------------------------------------------------
INFO: [Synth 8-5546] ROM "half_duty[0]" won't be mapped to RAM because it is too sparse
---------------------------------------------------------------------------------
Finished RTL Optimization Phase 2 : Time (s): cpu = 00:00:15 ; elapsed = 00:00:28 . Memory (MB): peak = 1754.617 ; gain = 451.945 ; free physical = 160 ; free virtual = 3314
---------------------------------------------------------------------------------

Report RTL Partitions: 
+-+--------------+------------+----------+
| |RTL Partition |Replication |Instances |
+-+--------------+------------+----------+
+-+--------------+------------+----------+
---------------------------------------------------------------------------------
Start RTL Component Statistics 
---------------------------------------------------------------------------------
Detailed RTL Component Info : 
+---Adders : 
	   2 Input     16 Bit       Adders := 1     
	   2 Input     15 Bit       Adders := 1     
+---Registers : 
	               15 Bit    Registers := 1     
	               14 Bit    Registers := 2     
	                1 Bit    Registers := 2     
+---Muxes : 
	   2 Input     15 Bit        Muxes := 1     
	   2 Input      1 Bit        Muxes := 2     
---------------------------------------------------------------------------------
Finished RTL Component Statistics 
---------------------------------------------------------------------------------
---------------------------------------------------------------------------------
Start RTL Hierarchical Component Statistics 
---------------------------------------------------------------------------------
Hierarchical RTL Component report 
Module pwm 
Detailed RTL Component Info : 
+---Adders : 
	   2 Input     16 Bit       Adders := 1     
	   2 Input     15 Bit       Adders := 1     
+---Registers : 
	               15 Bit    Registers := 1     
	               14 Bit    Registers := 2     
	                1 Bit    Registers := 2     
+---Muxes : 
	   2 Input     15 Bit        Muxes := 1     
	   2 Input      1 Bit        Muxes := 2     
---------------------------------------------------------------------------------
Finished RTL Hierarchical Component Statistics
---------------------------------------------------------------------------------
---------------------------------------------------------------------------------
Start Part Resource Summary
---------------------------------------------------------------------------------
Part Resources:
DSPs: 80 (col length:40)
BRAMs: 120 (col length: RAMB18 40 RAMB36 20)
---------------------------------------------------------------------------------
Finished Part Resource Summary
---------------------------------------------------------------------------------
---------------------------------------------------------------------------------
Start Cross Boundary and Area Optimization
---------------------------------------------------------------------------------
Warning: Parallel synthesis criteria is not met 
INFO: [Synth 8-5546] ROM "U0/half_duty[0]" won't be mapped to RAM because it is too sparse
WARNING: [Synth 8-6014] Unused sequential element U0/half_duty_new_reg was removed.  [/home/remco/Desktop/PWM_Generator.vhd:36]
DSP Report: Generating DSP U0/half_duty_new2, operation Mode is: (A*(B:0x61a8))'.
DSP Report: register P is absorbed into DSP U0/half_duty_new2.
DSP Report: operator U0/half_duty_new2 is absorbed into DSP U0/half_duty_new2.
---------------------------------------------------------------------------------
Finished Cross Boundary and Area Optimization : Time (s): cpu = 00:00:16 ; elapsed = 00:00:29 . Memory (MB): peak = 1754.617 ; gain = 451.945 ; free physical = 138 ; free virtual = 3293
---------------------------------------------------------------------------------
---------------------------------------------------------------------------------
Start ROM, RAM, DSP and Shift Register Reporting
---------------------------------------------------------------------------------

DSP: Preliminary Mapping  Report (see note below)
+----------------------+-----------------+--------+--------+--------+--------+--------+------+------+------+------+-------+------+------+
|Module Name           | DSP Mapping     | A Size | B Size | C Size | D Size | P Size | AREG | BREG | CREG | DREG | ADREG | MREG | PREG | 
+----------------------+-----------------+--------+--------+--------+--------+--------+------+------+------+------+-------+------+------+
|Block_Diagram_pwm_0_0 | (A*(B:0x61a8))' | 17     | 16     | -      | -      | 31     | 0    | 0    | -    | -    | -     | 1    | 0    | 
+----------------------+-----------------+--------+--------+--------+--------+--------+------+------+------+------+-------+------+------+

Note: The table above is a preliminary report that shows the DSPs inferred at the current stage of the synthesis flow. Some DSP may be reimplemented as non DSP primitives later in the synthesis flow. Multiple instantiated DSPs are reported only once.
---------------------------------------------------------------------------------
Finished ROM, RAM, DSP and Shift Register Reporting
---------------------------------------------------------------------------------

Report RTL Partitions: 
+-+--------------+------------+----------+
| |RTL Partition |Replication |Instances |
+-+--------------+------------+----------+
+-+--------------+------------+----------+
---------------------------------------------------------------------------------
Start Applying XDC Timing Constraints
---------------------------------------------------------------------------------
---------------------------------------------------------------------------------
Finished Applying XDC Timing Constraints : Time (s): cpu = 00:00:25 ; elapsed = 00:00:41 . Memory (MB): peak = 1754.617 ; gain = 451.945 ; free physical = 1380 ; free virtual = 4252
---------------------------------------------------------------------------------
---------------------------------------------------------------------------------
Start Timing Optimization
---------------------------------------------------------------------------------
---------------------------------------------------------------------------------
Finished Timing Optimization : Time (s): cpu = 00:00:25 ; elapsed = 00:00:41 . Memory (MB): peak = 1754.617 ; gain = 451.945 ; free physical = 1379 ; free virtual = 4251
---------------------------------------------------------------------------------

Report RTL Partitions: 
+-+--------------+------------+----------+
| |RTL Partition |Replication |Instances |
+-+--------------+------------+----------+
+-+--------------+------------+----------+
---------------------------------------------------------------------------------
Start Technology Mapping
---------------------------------------------------------------------------------
---------------------------------------------------------------------------------
Finished Technology Mapping : Time (s): cpu = 00:00:25 ; elapsed = 00:00:41 . Memory (MB): peak = 1758.625 ; gain = 455.953 ; free physical = 1377 ; free virtual = 4249
---------------------------------------------------------------------------------

Report RTL Partitions: 
+-+--------------+------------+----------+
| |RTL Partition |Replication |Instances |
+-+--------------+------------+----------+
+-+--------------+------------+----------+
---------------------------------------------------------------------------------
Start IO Insertion
---------------------------------------------------------------------------------
---------------------------------------------------------------------------------
Start Flattening Before IO Insertion
---------------------------------------------------------------------------------
---------------------------------------------------------------------------------
Finished Flattening Before IO Insertion
---------------------------------------------------------------------------------
---------------------------------------------------------------------------------
Start Final Netlist Cleanup
---------------------------------------------------------------------------------
---------------------------------------------------------------------------------
Finished Final Netlist Cleanup
---------------------------------------------------------------------------------
---------------------------------------------------------------------------------
Finished IO Insertion : Time (s): cpu = 00:00:26 ; elapsed = 00:00:42 . Memory (MB): peak = 1758.625 ; gain = 455.953 ; free physical = 1362 ; free virtual = 4235
---------------------------------------------------------------------------------

Report Check Netlist: 
+------+------------------+-------+---------+-------+------------------+
|      |Item              |Errors |Warnings |Status |Description       |
+------+------------------+-------+---------+-------+------------------+
|1     |multi_driven_nets |      0|        0|Passed |Multi driven nets |
+------+------------------+-------+---------+-------+------------------+
---------------------------------------------------------------------------------
Start Renaming Generated Instances
---------------------------------------------------------------------------------
---------------------------------------------------------------------------------
Finished Renaming Generated Instances : Time (s): cpu = 00:00:26 ; elapsed = 00:00:42 . Memory (MB): peak = 1758.625 ; gain = 455.953 ; free physical = 1362 ; free virtual = 4235
---------------------------------------------------------------------------------

Report RTL Partitions: 
+-+--------------+------------+----------+
| |RTL Partition |Replication |Instances |
+-+--------------+------------+----------+
+-+--------------+------------+----------+
---------------------------------------------------------------------------------
Start Rebuilding User Hierarchy
---------------------------------------------------------------------------------
---------------------------------------------------------------------------------
Finished Rebuilding User Hierarchy : Time (s): cpu = 00:00:26 ; elapsed = 00:00:42 . Memory (MB): peak = 1758.625 ; gain = 455.953 ; free physical = 1362 ; free virtual = 4235
---------------------------------------------------------------------------------
---------------------------------------------------------------------------------
Start Renaming Generated Ports
---------------------------------------------------------------------------------
---------------------------------------------------------------------------------
Finished Renaming Generated Ports : Time (s): cpu = 00:00:26 ; elapsed = 00:00:42 . Memory (MB): peak = 1758.625 ; gain = 455.953 ; free physical = 1362 ; free virtual = 4235
---------------------------------------------------------------------------------
---------------------------------------------------------------------------------
Start Handling Custom Attributes
---------------------------------------------------------------------------------
---------------------------------------------------------------------------------
Finished Handling Custom Attributes : Time (s): cpu = 00:00:26 ; elapsed = 00:00:42 . Memory (MB): peak = 1758.625 ; gain = 455.953 ; free physical = 1362 ; free virtual = 4235
---------------------------------------------------------------------------------
---------------------------------------------------------------------------------
Start Renaming Generated Nets
---------------------------------------------------------------------------------
---------------------------------------------------------------------------------
Finished Renaming Generated Nets : Time (s): cpu = 00:00:26 ; elapsed = 00:00:42 . Memory (MB): peak = 1758.625 ; gain = 455.953 ; free physical = 1362 ; free virtual = 4235
---------------------------------------------------------------------------------
---------------------------------------------------------------------------------
Start Writing Synthesis Report
---------------------------------------------------------------------------------

Report BlackBoxes: 
+-+--------------+----------+
| |BlackBox name |Instances |
+-+--------------+----------+
+-+--------------+----------+

Report Cell Usage: 
+------+--------+------+
|      |Cell    |Count |
+------+--------+------+
|1     |CARRY4  |    12|
|2     |DSP48E1 |     1|
|3     |LUT1    |    16|
|4     |LUT2    |    16|
|5     |LUT3    |     4|
|6     |LUT5    |     1|
|7     |LUT6    |    11|
|8     |FDCE    |    17|
+------+--------+------+

Report Instance Areas: 
+------+---------+-------+------+
|      |Instance |Module |Cells |
+------+---------+-------+------+
|1     |top      |       |    78|
|2     |  U0     |pwm    |    78|
+------+---------+-------+------+
---------------------------------------------------------------------------------
Finished Writing Synthesis Report : Time (s): cpu = 00:00:26 ; elapsed = 00:00:42 . Memory (MB): peak = 1758.625 ; gain = 455.953 ; free physical = 1362 ; free virtual = 4235
---------------------------------------------------------------------------------
Synthesis finished with 0 errors, 0 critical warnings and 1 warnings.
Synthesis Optimization Runtime : Time (s): cpu = 00:00:16 ; elapsed = 00:00:20 . Memory (MB): peak = 1758.625 ; gain = 138.316 ; free physical = 1423 ; free virtual = 4296
Synthesis Optimization Complete : Time (s): cpu = 00:00:26 ; elapsed = 00:00:42 . Memory (MB): peak = 1758.633 ; gain = 455.953 ; free physical = 1423 ; free virtual = 4296
INFO: [Project 1-571] Translating synthesized netlist
INFO: [Netlist 29-17] Analyzing 13 Unisim elements for replacement
INFO: [Netlist 29-28] Unisim Transformation completed in 0 CPU seconds
INFO: [Project 1-570] Preparing netlist for logic optimization
INFO: [Opt 31-138] Pushed 0 inverter(s) to 0 load pin(s).
INFO: [Project 1-111] Unisim Transformation Summary:
No Unisim elements were transformed.

INFO: [Common 17-83] Releasing license: Synthesis
18 Infos, 2 Warnings, 0 Critical Warnings and 0 Errors encountered.
synth_design completed successfully
synth_design: Time (s): cpu = 00:00:28 ; elapsed = 00:00:43 . Memory (MB): peak = 1790.641 ; gain = 499.738 ; free physical = 1305 ; free virtual = 4184
WARNING: [Constraints 18-5210] No constraint will be written out.
INFO: [Common 17-1381] The checkpoint '/home/remco/Final_Project_AES/Final_Project_AES.runs/Block_Diagram_pwm_0_0_synth_1/Block_Diagram_pwm_0_0.dcp' has been generated.
WARNING: [Constraints 18-5210] No constraint will be written out.
INFO: [Common 17-1381] The checkpoint '/home/remco/Final_Project_AES/Final_Project_AES.runs/Block_Diagram_pwm_0_0_synth_1/Block_Diagram_pwm_0_0.dcp' has been generated.
INFO: [runtcl-4] Executing : report_utilization -file Block_Diagram_pwm_0_0_utilization_synth.rpt -pb Block_Diagram_pwm_0_0_utilization_synth.pb
report_utilization: Time (s): cpu = 00:00:00.14 ; elapsed = 00:00:00.30 . Memory (MB): peak = 1814.652 ; gain = 0.000 ; free physical = 1220 ; free virtual = 4112
INFO: [Common 17-206] Exiting Vivado at Mon Jan  6 15:46:46 2020...
